2012-06-20 08:43:15 Error: [MissingViewException] View file "/home1/abeachus/public_html/CakephpEasyGrid/app/View/PayBatches/index.ctp" is missing.
#0 /home1/abeachus/public_html/CakephpEasyGrid/lib/Cake/View/View.php(462): View->_getViewFileName(NULL)
#1 /home1/abeachus/public_html/CakephpEasyGrid/lib/Cake/Controller/Controller.php(959): View->render(NULL, NULL)
#2 /home1/abeachus/public_html/CakephpEasyGrid/lib/Cake/Routing/Dispatcher.php(110): Controller->render()
#3 /home1/abeachus/public_html/CakephpEasyGrid/lib/Cake/Routing/Dispatcher.php(85): Dispatcher->_invoke(Object(PayBatchesController), Object(CakeRequest), Object(CakeResponse))
#4 /home1/abeachus/public_html/CakephpEasyGrid/app/webroot/index.php(92): Dispatcher->dispatch(Object(CakeRequest), Object(CakeResponse))
#5 {main}
2012-06-20 10:01:28 Error: [MissingViewException] /home1/abeachus/public_html/CakephpEasyGrid/app/View/Scaffolds/read.ctp
#0 /home1/abeachus/public_html/CakephpEasyGrid/lib/Cake/View/View.php(462): ScaffoldView->_getViewFileName(NULL)
#1 /home1/abeachus/public_html/CakephpEasyGrid/lib/Cake/Controller/Controller.php(959): View->render(NULL, NULL)
#2 /home1/abeachus/public_html/CakephpEasyGrid/lib/Cake/Routing/Dispatcher.php(110): Controller->render()
#3 /home1/abeachus/public_html/CakephpEasyGrid/lib/Cake/Routing/Dispatcher.php(85): Dispatcher->_invoke(Object(PayBatchesController), Object(CakeRequest), Object(CakeResponse))
#4 /home1/abeachus/public_html/CakephpEasyGrid/app/webroot/index.php(92): Dispatcher->dispatch(Object(CakeRequest), Object(CakeResponse))
#5 {main}
2012-06-20 10:03:06 Error: [MissingViewException] /home1/abeachus/public_html/CakephpEasyGrid/app/View/Scaffolds/read.ctp
#0 /home1/abeachus/public_html/CakephpEasyGrid/lib/Cake/View/View.php(462): ScaffoldView->_getViewFileName(NULL)
#1 /home1/abeachus/public_html/CakephpEasyGrid/lib/Cake/Controller/Controller.php(959): View->render(NULL, NULL)
#2 /home1/abeachus/public_html/CakephpEasyGrid/lib/Cake/Routing/Dispatcher.php(110): Controller->render()
#3 /home1/abeachus/public_html/CakephpEasyGrid/lib/Cake/Routing/Dispatcher.php(85): Dispatcher->_invoke(Object(PayBatchesController), Object(CakeRequest), Object(CakeResponse))
#4 /home1/abeachus/public_html/CakephpEasyGrid/app/webroot/index.php(92): Dispatcher->dispatch(Object(CakeRequest), Object(CakeResponse))
#5 {main}
2012-06-20 10:03:36 Error: [MissingViewException] /home1/abeachus/public_html/CakephpEasyGrid/app/View/Scaffolds/read.ctp
#0 /home1/abeachus/public_html/CakephpEasyGrid/lib/Cake/View/View.php(462): ScaffoldView->_getViewFileName(NULL)
#1 /home1/abeachus/public_html/CakephpEasyGrid/lib/Cake/Controller/Controller.php(959): View->render(NULL, NULL)
#2 /home1/abeachus/public_html/CakephpEasyGrid/lib/Cake/Routing/Dispatcher.php(110): Controller->render()
#3 /home1/abeachus/public_html/CakephpEasyGrid/lib/Cake/Routing/Dispatcher.php(85): Dispatcher->_invoke(Object(PayBatchesController), Object(CakeRequest), Object(CakeResponse))
#4 /home1/abeachus/public_html/CakephpEasyGrid/app/webroot/index.php(92): Dispatcher->dispatch(Object(CakeRequest), Object(CakeResponse))
#5 {main}
2012-06-20 10:04:38 Error: [MissingViewException] /home1/abeachus/public_html/CakephpEasyGrid/app/View/Scaffolds/read.ctp
#0 /home1/abeachus/public_html/CakephpEasyGrid/lib/Cake/View/View.php(462): ScaffoldView->_getViewFileName(NULL)
#1 /home1/abeachus/public_html/CakephpEasyGrid/lib/Cake/Controller/Controller.php(959): View->render(NULL, NULL)
#2 /home1/abeachus/public_html/CakephpEasyGrid/lib/Cake/Routing/Dispatcher.php(110): Controller->render()
#3 /home1/abeachus/public_html/CakephpEasyGrid/lib/Cake/Routing/Dispatcher.php(85): Dispatcher->_invoke(Object(PayBatchesController), Object(CakeRequest), Object(CakeResponse))
#4 /home1/abeachus/public_html/CakephpEasyGrid/app/webroot/index.php(92): Dispatcher->dispatch(Object(CakeRequest), Object(CakeResponse))
#5 {main}
2012-06-20 10:05:03 Error: [MissingViewException] /home1/abeachus/public_html/CakephpEasyGrid/app/View/Scaffolds/read.ctp
#0 /home1/abeachus/public_html/CakephpEasyGrid/lib/Cake/View/View.php(462): ScaffoldView->_getViewFileName(NULL)
#1 /home1/abeachus/public_html/CakephpEasyGrid/lib/Cake/Controller/Controller.php(959): View->render(NULL, NULL)
#2 /home1/abeachus/public_html/CakephpEasyGrid/lib/Cake/Routing/Dispatcher.php(110): Controller->render()
#3 /home1/abeachus/public_html/CakephpEasyGrid/lib/Cake/Routing/Dispatcher.php(85): Dispatcher->_invoke(Object(PayBatchesController), Object(CakeRequest), Object(CakeResponse))
#4 /home1/abeachus/public_html/CakephpEasyGrid/app/webroot/index.php(92): Dispatcher->dispatch(Object(CakeRequest), Object(CakeResponse))
#5 {main}
2012-06-20 10:05:28 Error: [MissingViewException] /home1/abeachus/public_html/CakephpEasyGrid/app/View/Scaffolds/read.ctp
#0 /home1/abeachus/public_html/CakephpEasyGrid/lib/Cake/View/View.php(462): ScaffoldView->_getViewFileName(NULL)
#1 /home1/abeachus/public_html/CakephpEasyGrid/lib/Cake/Controller/Controller.php(959): View->render(NULL, NULL)
#2 /home1/abeachus/public_html/CakephpEasyGrid/lib/Cake/Routing/Dispatcher.php(110): Controller->render()
#3 /home1/abeachus/public_html/CakephpEasyGrid/lib/Cake/Routing/Dispatcher.php(85): Dispatcher->_invoke(Object(PayBatchesController), Object(CakeRequest), Object(CakeResponse))
#4 /home1/abeachus/public_html/CakephpEasyGrid/app/webroot/index.php(92): Dispatcher->dispatch(Object(CakeRequest), Object(CakeResponse))
#5 {main}
2012-06-20 10:07:21 Error: [MissingViewException] /home1/abeachus/public_html/CakephpEasyGrid/app/View/Scaffolds/read.ctp
#0 /home1/abeachus/public_html/CakephpEasyGrid/lib/Cake/View/View.php(462): ScaffoldView->_getViewFileName(NULL)
#1 /home1/abeachus/public_html/CakephpEasyGrid/lib/Cake/Controller/Controller.php(959): View->render(NULL, NULL)
#2 /home1/abeachus/public_html/CakephpEasyGrid/lib/Cake/Routing/Dispatcher.php(110): Controller->render()
#3 /home1/abeachus/public_html/CakephpEasyGrid/lib/Cake/Routing/Dispatcher.php(85): Dispatcher->_invoke(Object(PayBatchesController), Object(CakeRequest), Object(CakeResponse))
#4 /home1/abeachus/public_html/CakephpEasyGrid/app/webroot/index.php(92): Dispatcher->dispatch(Object(CakeRequest), Object(CakeResponse))
#5 {main}
2012-06-20 10:08:41 Error: [MissingViewException] /home1/abeachus/public_html/CakephpEasyGrid/app/View/Scaffolds/read.ctp
#0 /home1/abeachus/public_html/CakephpEasyGrid/lib/Cake/View/View.php(462): ScaffoldView->_getViewFileName(NULL)
#1 /home1/abeachus/public_html/CakephpEasyGrid/lib/Cake/Controller/Controller.php(959): View->render(NULL, NULL)
#2 /home1/abeachus/public_html/CakephpEasyGrid/lib/Cake/Routing/Dispatcher.php(110): Controller->render()
#3 /home1/abeachus/public_html/CakephpEasyGrid/lib/Cake/Routing/Dispatcher.php(85): Dispatcher->_invoke(Object(PayBatchesController), Object(CakeRequest), Object(CakeResponse))
#4 /home1/abeachus/public_html/CakephpEasyGrid/app/webroot/index.php(92): Dispatcher->dispatch(Object(CakeRequest), Object(CakeResponse))
#5 {main}
2012-06-20 10:10:34 Error: [MissingViewException] /home1/abeachus/public_html/CakephpEasyGrid/app/View/Scaffolds/read.ctp
#0 /home1/abeachus/public_html/CakephpEasyGrid/lib/Cake/View/View.php(462): ScaffoldView->_getViewFileName(NULL)
#1 /home1/abeachus/public_html/CakephpEasyGrid/lib/Cake/Controller/Controller.php(959): View->render(NULL, NULL)
#2 /home1/abeachus/public_html/CakephpEasyGrid/lib/Cake/Routing/Dispatcher.php(110): Controller->render()
#3 /home1/abeachus/public_html/CakephpEasyGrid/lib/Cake/Routing/Dispatcher.php(85): Dispatcher->_invoke(Object(PayBatchesController), Object(CakeRequest), Object(CakeResponse))
#4 /home1/abeachus/public_html/CakephpEasyGrid/app/webroot/index.php(92): Dispatcher->dispatch(Object(CakeRequest), Object(CakeResponse))
#5 {main}
2012-06-20 10:10:55 Error: [MissingViewException] /home1/abeachus/public_html/CakephpEasyGrid/app/View/Scaffolds/read.ctp
#0 /home1/abeachus/public_html/CakephpEasyGrid/lib/Cake/View/View.php(462): ScaffoldView->_getViewFileName(NULL)
#1 /home1/abeachus/public_html/CakephpEasyGrid/lib/Cake/Controller/Controller.php(959): View->render(NULL, NULL)
#2 /home1/abeachus/public_html/CakephpEasyGrid/lib/Cake/Routing/Dispatcher.php(110): Controller->render()
#3 /home1/abeachus/public_html/CakephpEasyGrid/lib/Cake/Routing/Dispatcher.php(85): Dispatcher->_invoke(Object(PayBatchesController), Object(CakeRequest), Object(CakeResponse))
#4 /home1/abeachus/public_html/CakephpEasyGrid/app/webroot/index.php(92): Dispatcher->dispatch(Object(CakeRequest), Object(CakeResponse))
#5 {main}
2012-06-20 10:12:37 Error: [PDOException] SQLSTATE[42000]: Syntax error or access violation: 1064 You have an error in your SQL syntax; check the manual that corresponds to your MySQL server version for the right syntax to use near 'p' at line 1
#0 /home1/abeachus/public_html/CakephpEasyGrid/lib/Cake/Model/Datasource/DboSource.php(437): PDOStatement->execute(Array)
#1 /home1/abeachus/public_html/CakephpEasyGrid/lib/Cake/Model/Datasource/DboSource.php(403): DboSource->_execute('SELECT `PayBatc...', Array)
#2 /home1/abeachus/public_html/CakephpEasyGrid/lib/Cake/Model/Datasource/DboSource.php(647): DboSource->execute('SELECT `PayBatc...', Array, Array)
#3 /home1/abeachus/public_html/CakephpEasyGrid/lib/Cake/Model/Datasource/DboSource.php(1058): DboSource->fetchAll('SELECT `PayBatc...', false)
#4 /home1/abeachus/public_html/CakephpEasyGrid/lib/Cake/Model/Model.php(2698): DboSource->read(Object(PayBatch), Array)
#5 /home1/abeachus/public_html/CakephpEasyGrid/app/Controller/EasyGridScaffold.php(119): Model->find('all', Array)
#6 /home1/abeachus/public_html/CakephpEasyGrid/app/Controller/EasyGridScaffold.php(150): EasyGridScaffold->_getPage('p', 'p', Array, Array)
#7 /home1/abeachus/public_html/CakephpEasyGrid/app/Controller/EasyGridScaffold.php(54): EasyGridScaffold->_scaffoldRead(Object(CakeRequest))
#8 /home1/abeachus/public_html/CakephpEasyGrid/lib/Cake/Controller/Scaffold.php(151): EasyGridScaffold->_scaffold(Object(CakeRequest))
#9 /home1/abeachus/public_html/CakephpEasyGrid/app/Controller/PayBatchesController.php(13): Scaffold->__construct(Object(PayBatchesController), Object(CakeRequest))
#10 /home1/abeachus/public_html/CakephpEasyGrid/lib/Cake/Controller/Controller.php(489): PayBatchesController->_getScaffold(Object(CakeRequest))
#11 /home1/abeachus/public_html/CakephpEasyGrid/lib/Cake/Routing/Dispatcher.php(103): Controller->invokeAction(Object(CakeRequest))
#12 /home1/abeachus/public_html/CakephpEasyGrid/lib/Cake/Routing/Dispatcher.php(85): Dispatcher->_invoke(Object(PayBatchesController), Object(CakeRequest), Object(CakeResponse))
#13 /home1/abeachus/public_html/CakephpEasyGrid/app/webroot/index.php(92): Dispatcher->dispatch(Object(CakeRequest), Object(CakeResponse))
#14 {main}
2012-06-20 10:13:08 Error: [MissingViewException] /home1/abeachus/public_html/CakephpEasyGrid/app/View/Scaffolds/read.ctp
#0 /home1/abeachus/public_html/CakephpEasyGrid/lib/Cake/View/View.php(462): ScaffoldView->_getViewFileName(NULL)
#1 /home1/abeachus/public_html/CakephpEasyGrid/lib/Cake/Controller/Controller.php(959): View->render(NULL, NULL)
#2 /home1/abeachus/public_html/CakephpEasyGrid/lib/Cake/Routing/Dispatcher.php(110): Controller->render()
#3 /home1/abeachus/public_html/CakephpEasyGrid/lib/Cake/Routing/Dispatcher.php(85): Dispatcher->_invoke(Object(PayBatchesController), Object(CakeRequest), Object(CakeResponse))
#4 /home1/abeachus/public_html/CakephpEasyGrid/app/webroot/index.php(92): Dispatcher->dispatch(Object(CakeRequest), Object(CakeResponse))
#5 {main}
2012-06-20 10:14:31 Error: [MissingViewException] /home1/abeachus/public_html/CakephpEasyGrid/app/View/Scaffolds/read.ctp
#0 /home1/abeachus/public_html/CakephpEasyGrid/lib/Cake/View/View.php(462): ScaffoldView->_getViewFileName(NULL)
#1 /home1/abeachus/public_html/CakephpEasyGrid/lib/Cake/Controller/Controller.php(959): View->render(NULL, NULL)
#2 /home1/abeachus/public_html/CakephpEasyGrid/lib/Cake/Routing/Dispatcher.php(110): Controller->render()
#3 /home1/abeachus/public_html/CakephpEasyGrid/lib/Cake/Routing/Dispatcher.php(85): Dispatcher->_invoke(Object(PayBatchesController), Object(CakeRequest), Object(CakeResponse))
#4 /home1/abeachus/public_html/CakephpEasyGrid/app/webroot/index.php(92): Dispatcher->dispatch(Object(CakeRequest), Object(CakeResponse))
#5 {main}
2012-06-20 10:14:41 Error: [MissingViewException] /home1/abeachus/public_html/CakephpEasyGrid/app/View/Scaffolds/read.ctp
#0 /home1/abeachus/public_html/CakephpEasyGrid/lib/Cake/View/View.php(462): ScaffoldView->_getViewFileName(NULL)
#1 /home1/abeachus/public_html/CakephpEasyGrid/lib/Cake/Controller/Controller.php(959): View->render(NULL, NULL)
#2 /home1/abeachus/public_html/CakephpEasyGrid/lib/Cake/Routing/Dispatcher.php(110): Controller->render()
#3 /home1/abeachus/public_html/CakephpEasyGrid/lib/Cake/Routing/Dispatcher.php(85): Dispatcher->_invoke(Object(PayBatchesController), Object(CakeRequest), Object(CakeResponse))
#4 /home1/abeachus/public_html/CakephpEasyGrid/app/webroot/index.php(92): Dispatcher->dispatch(Object(CakeRequest), Object(CakeResponse))
#5 {main}
2012-06-20 10:15:14 Error: [MissingViewException] /home1/abeachus/public_html/CakephpEasyGrid/app/View/Scaffolds/read.ctp
#0 /home1/abeachus/public_html/CakephpEasyGrid/lib/Cake/View/View.php(462): ScaffoldView->_getViewFileName(NULL)
#1 /home1/abeachus/public_html/CakephpEasyGrid/lib/Cake/Controller/Controller.php(959): View->render(NULL, NULL)
#2 /home1/abeachus/public_html/CakephpEasyGrid/lib/Cake/Routing/Dispatcher.php(110): Controller->render()
#3 /home1/abeachus/public_html/CakephpEasyGrid/lib/Cake/Routing/Dispatcher.php(85): Dispatcher->_invoke(Object(PayBatchesController), Object(CakeRequest), Object(CakeResponse))
#4 /home1/abeachus/public_html/CakephpEasyGrid/app/webroot/index.php(92): Dispatcher->dispatch(Object(CakeRequest), Object(CakeResponse))
#5 {main}
2012-06-20 10:17:32 Error: [MissingViewException] /home1/abeachus/public_html/CakephpEasyGrid/app/View/Scaffolds/read.ctp
#0 /home1/abeachus/public_html/CakephpEasyGrid/lib/Cake/View/View.php(462): ScaffoldView->_getViewFileName(NULL)
#1 /home1/abeachus/public_html/CakephpEasyGrid/lib/Cake/Controller/Controller.php(959): View->render(NULL, NULL)
#2 /home1/abeachus/public_html/CakephpEasyGrid/lib/Cake/Routing/Dispatcher.php(110): Controller->render()
#3 /home1/abeachus/public_html/CakephpEasyGrid/lib/Cake/Routing/Dispatcher.php(85): Dispatcher->_invoke(Object(PayBatchesController), Object(CakeRequest), Object(CakeResponse))
#4 /home1/abeachus/public_html/CakephpEasyGrid/app/webroot/index.php(92): Dispatcher->dispatch(Object(CakeRequest), Object(CakeResponse))
#5 {main}
2012-06-20 10:19:48 Error: [MissingViewException] /home1/abeachus/public_html/CakephpEasyGrid/app/View/Scaffolds/read.ctp
#0 /home1/abeachus/public_html/CakephpEasyGrid/lib/Cake/View/View.php(462): ScaffoldView->_getViewFileName(NULL)
#1 /home1/abeachus/public_html/CakephpEasyGrid/lib/Cake/Controller/Controller.php(959): View->render(NULL, 'ajax')
#2 /home1/abeachus/public_html/CakephpEasyGrid/app/Controller/EasyGridScaffold.php(151): Controller->render(NULL, 'ajax')
#3 /home1/abeachus/public_html/CakephpEasyGrid/app/Controller/EasyGridScaffold.php(54): EasyGridScaffold->_scaffoldRead(Object(CakeRequest))
#4 /home1/abeachus/public_html/CakephpEasyGrid/lib/Cake/Controller/Scaffold.php(151): EasyGridScaffold->_scaffold(Object(CakeRequest))
#5 /home1/abeachus/public_html/CakephpEasyGrid/app/Controller/PayBatchesController.php(13): Scaffold->__construct(Object(PayBatchesController), Object(CakeRequest))
#6 /home1/abeachus/public_html/CakephpEasyGrid/lib/Cake/Controller/Controller.php(489): PayBatchesController->_getScaffold(Object(CakeRequest))
#7 /home1/abeachus/public_html/CakephpEasyGrid/lib/Cake/Routing/Dispatcher.php(103): Controller->invokeAction(Object(CakeRequest))
#8 /home1/abeachus/public_html/CakephpEasyGrid/lib/Cake/Routing/Dispatcher.php(85): Dispatcher->_invoke(Object(PayBatchesController), Object(CakeRequest), Object(CakeResponse))
#9 /home1/abeachus/public_html/CakephpEasyGrid/app/webroot/index.php(92): Dispatcher->dispatch(Object(CakeRequest), Object(CakeResponse))
#10 {main}
2012-06-20 10:22:17 Error: [MissingViewException] /home1/abeachus/public_html/CakephpEasyGrid/app/View/Scaffolds/read.ctp
#0 /home1/abeachus/public_html/CakephpEasyGrid/lib/Cake/View/View.php(462): ScaffoldView->_getViewFileName('read')
#1 /home1/abeachus/public_html/CakephpEasyGrid/lib/Cake/Controller/Controller.php(959): View->render('read', 'ajax')
#2 /home1/abeachus/public_html/CakephpEasyGrid/app/Controller/EasyGridScaffold.php(154): Controller->render('read', 'ajax')
#3 /home1/abeachus/public_html/CakephpEasyGrid/app/Controller/EasyGridScaffold.php(54): EasyGridScaffold->_scaffoldRead(Object(CakeRequest))
#4 /home1/abeachus/public_html/CakephpEasyGrid/lib/Cake/Controller/Scaffold.php(151): EasyGridScaffold->_scaffold(Object(CakeRequest))
#5 /home1/abeachus/public_html/CakephpEasyGrid/app/Controller/PayBatchesController.php(13): Scaffold->__construct(Object(PayBatchesController), Object(CakeRequest))
#6 /home1/abeachus/public_html/CakephpEasyGrid/lib/Cake/Controller/Controller.php(489): PayBatchesController->_getScaffold(Object(CakeRequest))
#7 /home1/abeachus/public_html/CakephpEasyGrid/lib/Cake/Routing/Dispatcher.php(103): Controller->invokeAction(Object(CakeRequest))
#8 /home1/abeachus/public_html/CakephpEasyGrid/lib/Cake/Routing/Dispatcher.php(85): Dispatcher->_invoke(Object(PayBatchesController), Object(CakeRequest), Object(CakeResponse))
#9 /home1/abeachus/public_html/CakephpEasyGrid/app/webroot/index.php(92): Dispatcher->dispatch(Object(CakeRequest), Object(CakeResponse))
#10 {main}
2012-06-20 10:28:50 Error: [MissingViewException] View file "/home1/abeachus/public_html/CakephpEasyGrid/app/View/PayBatches/json/read.ctp" is missing.
#0 /home1/abeachus/public_html/CakephpEasyGrid/lib/Cake/View/JsonView.php(98): View->_getViewFileName('read')
#1 /home1/abeachus/public_html/CakephpEasyGrid/lib/Cake/Controller/Controller.php(959): JsonView->render('read', 'ajax')
#2 /home1/abeachus/public_html/CakephpEasyGrid/app/Controller/EasyGridScaffold.php(153): Controller->render('read', 'ajax')
#3 /home1/abeachus/public_html/CakephpEasyGrid/app/Controller/EasyGridScaffold.php(54): EasyGridScaffold->_scaffoldRead(Object(CakeRequest))
#4 /home1/abeachus/public_html/CakephpEasyGrid/lib/Cake/Controller/Scaffold.php(151): EasyGridScaffold->_scaffold(Object(CakeRequest))
#5 /home1/abeachus/public_html/CakephpEasyGrid/app/Controller/PayBatchesController.php(13): Scaffold->__construct(Object(PayBatchesController), Object(CakeRequest))
#6 /home1/abeachus/public_html/CakephpEasyGrid/lib/Cake/Controller/Controller.php(489): PayBatchesController->_getScaffold(Object(CakeRequest))
#7 /home1/abeachus/public_html/CakephpEasyGrid/lib/Cake/Routing/Dispatcher.php(103): Controller->invokeAction(Object(CakeRequest))
#8 /home1/abeachus/public_html/CakephpEasyGrid/lib/Cake/Routing/Dispatcher.php(85): Dispatcher->_invoke(Object(PayBatchesController), Object(CakeRequest), Object(CakeResponse))
#9 /home1/abeachus/public_html/CakephpEasyGrid/app/webroot/index.php(92): Dispatcher->dispatch(Object(CakeRequest), Object(CakeResponse))
#10 {main}
2012-06-20 10:29:30 Error: [MissingViewException] View file "/home1/abeachus/public_html/CakephpEasyGrid/app/View/PayBatches/json/view.ctp" is missing.
#0 /home1/abeachus/public_html/CakephpEasyGrid/lib/Cake/View/JsonView.php(98): View->_getViewFileName('view')
#1 /home1/abeachus/public_html/CakephpEasyGrid/lib/Cake/Controller/Controller.php(959): JsonView->render('view', 'ajax')
#2 /home1/abeachus/public_html/CakephpEasyGrid/app/Controller/EasyGridScaffold.php(153): Controller->render('view', 'ajax')
#3 /home1/abeachus/public_html/CakephpEasyGrid/app/Controller/EasyGridScaffold.php(54): EasyGridScaffold->_scaffoldRead(Object(CakeRequest))
#4 /home1/abeachus/public_html/CakephpEasyGrid/lib/Cake/Controller/Scaffold.php(151): EasyGridScaffold->_scaffold(Object(CakeRequest))
#5 /home1/abeachus/public_html/CakephpEasyGrid/app/Controller/PayBatchesController.php(13): Scaffold->__construct(Object(PayBatchesController), Object(CakeRequest))
#6 /home1/abeachus/public_html/CakephpEasyGrid/lib/Cake/Controller/Controller.php(489): PayBatchesController->_getScaffold(Object(CakeRequest))
#7 /home1/abeachus/public_html/CakephpEasyGrid/lib/Cake/Routing/Dispatcher.php(103): Controller->invokeAction(Object(CakeRequest))
#8 /home1/abeachus/public_html/CakephpEasyGrid/lib/Cake/Routing/Dispatcher.php(85): Dispatcher->_invoke(Object(PayBatchesController), Object(CakeRequest), Object(CakeResponse))
#9 /home1/abeachus/public_html/CakephpEasyGrid/app/webroot/index.php(92): Dispatcher->dispatch(Object(CakeRequest), Object(CakeResponse))
#10 {main}
2012-06-20 10:29:33 Error: [MissingViewException] View file "/home1/abeachus/public_html/CakephpEasyGrid/app/View/PayBatches/json/view.ctp" is missing.
#0 /home1/abeachus/public_html/CakephpEasyGrid/lib/Cake/View/JsonView.php(98): View->_getViewFileName('view')
#1 /home1/abeachus/public_html/CakephpEasyGrid/lib/Cake/Controller/Controller.php(959): JsonView->render('view', 'ajax')
#2 /home1/abeachus/public_html/CakephpEasyGrid/app/Controller/EasyGridScaffold.php(153): Controller->render('view', 'ajax')
#3 /home1/abeachus/public_html/CakephpEasyGrid/app/Controller/EasyGridScaffold.php(54): EasyGridScaffold->_scaffoldRead(Object(CakeRequest))
#4 /home1/abeachus/public_html/CakephpEasyGrid/lib/Cake/Controller/Scaffold.php(151): EasyGridScaffold->_scaffold(Object(CakeRequest))
#5 /home1/abeachus/public_html/CakephpEasyGrid/app/Controller/PayBatchesController.php(13): Scaffold->__construct(Object(PayBatchesController), Object(CakeRequest))
#6 /home1/abeachus/public_html/CakephpEasyGrid/lib/Cake/Controller/Controller.php(489): PayBatchesController->_getScaffold(Object(CakeRequest))
#7 /home1/abeachus/public_html/CakephpEasyGrid/lib/Cake/Routing/Dispatcher.php(103): Controller->invokeAction(Object(CakeRequest))
#8 /home1/abeachus/public_html/CakephpEasyGrid/lib/Cake/Routing/Dispatcher.php(85): Dispatcher->_invoke(Object(PayBatchesController), Object(CakeRequest), Object(CakeResponse))
#9 /home1/abeachus/public_html/CakephpEasyGrid/app/webroot/index.php(92): Dispatcher->dispatch(Object(CakeRequest), Object(CakeResponse))
#10 {main}
2012-06-20 12:49:21 Error: [MissingViewException] View file "/home1/abeachus/public_html/CakephpEasyGrid/app/View/PayBatches/json/read.ctp" is missing.
#0 /home1/abeachus/public_html/CakephpEasyGrid/lib/Cake/View/JsonView.php(98): View->_getViewFileName(NULL)
#1 /home1/abeachus/public_html/CakephpEasyGrid/lib/Cake/Controller/Controller.php(959): JsonView->render(NULL, NULL)
#2 /home1/abeachus/public_html/CakephpEasyGrid/lib/Cake/Routing/Dispatcher.php(110): Controller->render()
#3 /home1/abeachus/public_html/CakephpEasyGrid/lib/Cake/Routing/Dispatcher.php(85): Dispatcher->_invoke(Object(PayBatchesController), Object(CakeRequest), Object(CakeResponse))
#4 /home1/abeachus/public_html/CakephpEasyGrid/app/webroot/index.php(92): Dispatcher->dispatch(Object(CakeRequest), Object(CakeResponse))
#5 {main}
2012-06-20 12:53:16 Error: [MissingViewException] View file "/home1/abeachus/public_html/CakephpEasyGrid/app/View/PayBatches/json/_serialize.ctp" is missing.
#0 /home1/abeachus/public_html/CakephpEasyGrid/lib/Cake/View/JsonView.php(98): View->_getViewFileName('_serialize')
#1 /home1/abeachus/public_html/CakephpEasyGrid/lib/Cake/Controller/Controller.php(959): JsonView->render('_serialize', NULL)
#2 /home1/abeachus/public_html/CakephpEasyGrid/app/Controller/EasyGridScaffold.php(153): Controller->render('_serialize')
#3 /home1/abeachus/public_html/CakephpEasyGrid/app/Controller/EasyGridScaffold.php(54): EasyGridScaffold->_scaffoldRead(Object(CakeRequest))
#4 /home1/abeachus/public_html/CakephpEasyGrid/lib/Cake/Controller/Scaffold.php(151): EasyGridScaffold->_scaffold(Object(CakeRequest))
#5 /home1/abeachus/public_html/CakephpEasyGrid/app/Controller/PayBatchesController.php(13): Scaffold->__construct(Object(PayBatchesController), Object(CakeRequest))
#6 /home1/abeachus/public_html/CakephpEasyGrid/lib/Cake/Controller/Controller.php(489): PayBatchesController->_getScaffold(Object(CakeRequest))
#7 /home1/abeachus/public_html/CakephpEasyGrid/lib/Cake/Routing/Dispatcher.php(103): Controller->invokeAction(Object(CakeRequest))
#8 /home1/abeachus/public_html/CakephpEasyGrid/lib/Cake/Routing/Dispatcher.php(85): Dispatcher->_invoke(Object(PayBatchesController), Object(CakeRequest), Object(CakeResponse))
#9 /home1/abeachus/public_html/CakephpEasyGrid/app/webroot/index.php(92): Dispatcher->dispatch(Object(CakeRequest), Object(CakeResponse))
#10 {main}
2012-06-20 12:54:02 Error: [MissingViewException] View file "/home1/abeachus/public_html/CakephpEasyGrid/app/View/PayBatches/json/_serialize.ctp" is missing.
#0 /home1/abeachus/public_html/CakephpEasyGrid/lib/Cake/View/JsonView.php(98): View->_getViewFileName('_serialize')
#1 /home1/abeachus/public_html/CakephpEasyGrid/lib/Cake/Controller/Controller.php(959): JsonView->render('_serialize', NULL)
#2 /home1/abeachus/public_html/CakephpEasyGrid/app/Controller/EasyGridScaffold.php(153): Controller->render('_serialize')
#3 /home1/abeachus/public_html/CakephpEasyGrid/app/Controller/EasyGridScaffold.php(54): EasyGridScaffold->_scaffoldRead(Object(CakeRequest))
#4 /home1/abeachus/public_html/CakephpEasyGrid/lib/Cake/Controller/Scaffold.php(151): EasyGridScaffold->_scaffold(Object(CakeRequest))
#5 /home1/abeachus/public_html/CakephpEasyGrid/app/Controller/PayBatchesController.php(13): Scaffold->__construct(Object(PayBatchesController), Object(CakeRequest))
#6 /home1/abeachus/public_html/CakephpEasyGrid/lib/Cake/Controller/Controller.php(489): PayBatchesController->_getScaffold(Object(CakeRequest))
#7 /home1/abeachus/public_html/CakephpEasyGrid/lib/Cake/Routing/Dispatcher.php(103): Controller->invokeAction(Object(CakeRequest))
#8 /home1/abeachus/public_html/CakephpEasyGrid/lib/Cake/Routing/Dispatcher.php(85): Dispatcher->_invoke(Object(PayBatchesController), Object(CakeRequest), Object(CakeResponse))
#9 /home1/abeachus/public_html/CakephpEasyGrid/app/webroot/index.php(92): Dispatcher->dispatch(Object(CakeRequest), Object(CakeResponse))
#10 {main}
2012-06-20 14:03:54 Error: [MissingDatasourceConfigException] The datasource configuration "default" was not found in database.php
#0 /home1/abeachus/public_html/CakephpEasyGrid/lib/Cake/Model/ConnectionManager.php(94): ConnectionManager::_getConnectionObject('default')
#1 /home1/abeachus/public_html/CakephpEasyGrid/lib/Cake/Model/Model.php(3417): ConnectionManager::getDataSource('default')
#2 /home1/abeachus/public_html/CakephpEasyGrid/lib/Cake/Model/Model.php(1083): Model->setDataSource('default')
#3 /home1/abeachus/public_html/CakephpEasyGrid/lib/Cake/Model/Model.php(3443): Model->setSource('pay_batches')
#4 /home1/abeachus/public_html/CakephpEasyGrid/lib/Cake/Model/Model.php(1292): Model->getDataSource()
#5 /home1/abeachus/public_html/CakephpEasyGrid/lib/Cake/Controller/Scaffold.php(136): Model->schema()
#6 /home1/abeachus/public_html/CakephpEasyGrid/app/Controller/PayBatchesController.php(13): Scaffold->__construct(Object(PayBatchesController), Object(CakeRequest))
#7 /home1/abeachus/public_html/CakephpEasyGrid/lib/Cake/Controller/Controller.php(489): PayBatchesController->_getScaffold(Object(CakeRequest))
#8 /home1/abeachus/public_html/CakephpEasyGrid/lib/Cake/Routing/Dispatcher.php(103): Controller->invokeAction(Object(CakeRequest))
#9 /home1/abeachus/public_html/CakephpEasyGrid/lib/Cake/Routing/Dispatcher.php(85): Dispatcher->_invoke(Object(PayBatchesController), Object(CakeRequest), Object(CakeResponse))
#10 /home1/abeachus/public_html/CakephpEasyGrid/app/webroot/index.php(92): Dispatcher->dispatch(Object(CakeRequest), Object(CakeResponse))
#11 {main}
